\BOOKMARK [0][-]{chapter*.3}{List of Figures}{}% 1
\BOOKMARK [0][-]{chapter*.4}{List of Tables}{}% 2
\BOOKMARK [0][-]{chapter*.5}{Acronyms}{}% 3
\BOOKMARK [0][-]{chapter.1}{Introduction and Background}{}% 4
\BOOKMARK [1][-]{section.1.1}{Problem Background}{chapter.1}% 5
\BOOKMARK [1][-]{section.1.2}{Project Objective}{chapter.1}% 6
\BOOKMARK [0][-]{chapter.2}{Concept Development Stage}{}% 7
\BOOKMARK [1][-]{section.2.1}{Needs Analysis Phase}{chapter.2}% 8
\BOOKMARK [2][-]{subsection.2.1.1}{Operational Need Analysis}{section.2.1}% 9
\BOOKMARK [2][-]{subsection.2.1.2}{Operational Objectives}{section.2.1}% 10
\BOOKMARK [2][-]{subsection.2.1.3}{Functional Definition}{section.2.1}% 11
\BOOKMARK [2][-]{subsection.2.1.4}{Feasibility Definition}{section.2.1}% 12
\BOOKMARK [2][-]{subsection.2.1.5}{Need Validation}{section.2.1}% 13
\BOOKMARK [1][-]{section.2.2}{Concept Exploration}{chapter.2}% 14
\BOOKMARK [2][-]{subsection.2.2.1}{Operational Requirements Analysis}{section.2.2}% 15
\BOOKMARK [2][-]{subsection.2.2.2}{Performance Requirements Formulation}{section.2.2}% 16
\BOOKMARK [2][-]{subsection.2.2.3}{Implementation of Concept Exploration}{section.2.2}% 17
\BOOKMARK [2][-]{subsection.2.2.4}{Performance Requirements Validation}{section.2.2}% 18
\BOOKMARK [1][-]{section.2.3}{Concept Definition}{chapter.2}% 19
\BOOKMARK [2][-]{subsection.2.3.1}{Performance Requirement Analysis}{section.2.3}% 20
\BOOKMARK [2][-]{subsection.2.3.2}{Functional Analysis and Formulation}{section.2.3}% 21
\BOOKMARK [2][-]{subsection.2.3.3}{Concept Selection}{section.2.3}% 22
\BOOKMARK [2][-]{subsection.2.3.4}{Concept Validation}{section.2.3}% 23
\BOOKMARK [0][-]{chapter.3}{Engineering Development Phase}{}% 24
\BOOKMARK [1][-]{section.3.1}{Advanced Development Phase}{chapter.3}% 25
\BOOKMARK [2][-]{subsection.3.1.1}{Prototype Development}{section.3.1}% 26
\BOOKMARK [2][-]{subsection.3.1.2}{Development Testing}{section.3.1}% 27
\BOOKMARK [1][-]{section.3.2}{Engineering Procurement Phase}{chapter.3}% 28
\BOOKMARK [2][-]{subsection.3.2.1}{Requirements Analysis}{section.3.2}% 29
\BOOKMARK [2][-]{subsection.3.2.2}{Functional Analysis and Design}{section.3.2}% 30
\BOOKMARK [2][-]{subsection.3.2.3}{Component Procurement}{section.3.2}% 31
\BOOKMARK [2][-]{subsection.3.2.4}{Design Validation}{section.3.2}% 32
\BOOKMARK [1][-]{section.3.3}{Integration and Evaluation Phase}{chapter.3}% 33
\BOOKMARK [2][-]{subsection.3.3.1}{Test Planning and Preparation}{section.3.3}% 34
\BOOKMARK [2][-]{subsection.3.3.2}{System Integration}{section.3.3}% 35
\BOOKMARK [2][-]{subsection.3.3.3}{Developmental System Testing}{section.3.3}% 36
\BOOKMARK [2][-]{subsection.3.3.4}{Operational Test and Evaluation}{section.3.3}% 37
\BOOKMARK [0][-]{chapter.4}{Post Development Stage}{}% 38
\BOOKMARK [1][-]{section.4.1}{Procurement and Deployment Phase}{chapter.4}% 39
\BOOKMARK [2][-]{subsection.4.1.1}{Transitions from Deployment to Installation}{section.4.1}% 40
\BOOKMARK [2][-]{subsection.4.1.2}{Procurement Operations}{section.4.1}% 41
\BOOKMARK [1][-]{section.4.2}{Operations and Support Phase}{chapter.4}% 42
\BOOKMARK [0][-]{chapter.5}{Software Design}{}% 43
\BOOKMARK [1][-]{section.5.1}{Core 9 System Design Structure}{chapter.5}% 44
\BOOKMARK [0][-]{chapter.6}{Conclusion}{}% 45
\BOOKMARK [0][-]{appendix.A}{Some data as appendix}{}% 46
