\BOOKMARK [0][-]{chapter*.2}{List of Figures}{}% 1
\BOOKMARK [0][-]{chapter*.3}{List of Tables}{}% 2
\BOOKMARK [0][-]{chapter*.4}{Acronyms}{}% 3
\BOOKMARK [0][-]{chapter.1}{Introduction}{}% 4
\BOOKMARK [1][-]{section.1.1}{Introduction}{chapter.1}% 5
\BOOKMARK [1][-]{section.1.2}{Problem Background}{chapter.1}% 6
\BOOKMARK [1][-]{section.1.3}{Problem Statement}{chapter.1}% 7
\BOOKMARK [2][-]{subsection.1.3.1}{Subsection}{section.1.3}% 8
\BOOKMARK [0][-]{chapter.2}{Needs Analysis}{}% 9
\BOOKMARK [1][-]{section.2.1}{Requirement Analysis}{chapter.2}% 10
\BOOKMARK [1][-]{section.2.2}{Functional Definition}{chapter.2}% 11
\BOOKMARK [1][-]{section.2.3}{Physical Definition}{chapter.2}% 12
\BOOKMARK [1][-]{section.2.4}{Design Validation}{chapter.2}% 13
\BOOKMARK [0][-]{chapter.3}{Concept Exploration}{}% 14
\BOOKMARK [1][-]{section.3.1}{Operational Requirements Analysis}{chapter.3}% 15
\BOOKMARK [1][-]{section.3.2}{Performance Requirements Formulation}{chapter.3}% 16
\BOOKMARK [1][-]{section.3.3}{Implementation of Concept Exploration}{chapter.3}% 17
\BOOKMARK [1][-]{section.3.4}{Performance Requirements Validation}{chapter.3}% 18
\BOOKMARK [0][-]{chapter.4}{Concept Definition}{}% 19
\BOOKMARK [1][-]{section.4.1}{Performance Requirement Analysis}{chapter.4}% 20
\BOOKMARK [1][-]{section.4.2}{Functional Analysis and Formulation}{chapter.4}% 21
\BOOKMARK [1][-]{section.4.3}{Concept Selection}{chapter.4}% 22
\BOOKMARK [1][-]{section.4.4}{Concept Validation}{chapter.4}% 23
\BOOKMARK [0][-]{chapter.5}{Conclusion}{}% 24
\BOOKMARK [0][-]{appendix.A}{Some data as appendix}{}% 25
